<?xml version="1.0" encoding="UTF-8"?>
<testng-results ignored="0" total="1" passed="1" failed="0" skipped="0">
  <reporter-output>
  </reporter-output>
  <suite started-at="2023-10-30T18:11:10Z" name="Default suite" finished-at="2023-10-30T18:11:13Z" duration-ms="2986">
    <groups>
    </groups>
    <test started-at="2023-10-30T18:11:10Z" name="Default test" finished-at="2023-10-30T18:11:13Z" duration-ms="2986">
      <class name="session09.BearerTokenAuthorization">
        <test-method signature="bearerToken()[pri:0, instance:session09.BearerTokenAuthorization@6304101a]" started-at="2023-10-30T18:11:10Z" name="bearerToken" finished-at="2023-10-30T18:11:13Z" duration-ms="2931" status="PASS">
          <reporter-output>
          </reporter-output>
        </test-method> <!-- bearerToken -->
      </class> <!-- session09.BearerTokenAuthorization -->
    </test> <!-- Default test -->
  </suite> <!-- Default suite -->
</testng-results>
